<?xml version="1.0" encoding="utf-8"?><testsuites><testsuite name="pytest" errors="1" failures="0" skipped="0" tests="1" time="0.254" timestamp="2024-03-29T17:09:57.763607" hostname="192.168.1.5"><testcase classname="" name="tests.test_sample_01" time="0.000"><error message="collection failure">test_sample_01.py:5: in &lt;module&gt;
    from src.utilities.assert_json import assert_json
../src/utilities/assert_json.py:11: in &lt;module&gt;
    logger = CustomLogger(logging.DEBUG).get_logger()
E   TypeError: get_logger() missing 1 required positional argument: 'request'</error></testcase></testsuite></testsuites>